<?xml version="1.0" encoding="UTF-8"?>
<!-- Generated by org.testng.reporters.JUnitReportReporter -->
<testsuite hostname="DESKTOP-A4TKI1L" failures="0" tests="2" name="end2end.End2EndProject.SignIn" time="29.470" errors="0" timestamp="2020-09-08T23:03:33 IST" skipped="0">
  <testcase classname="end2end.End2EndProject.SignIn" name="loginValidation" time="14.205"/>
  <system-out/>
  <testcase classname="end2end.End2EndProject.SignIn" name="loginValidation" time="15.265"/>
  <system-out/>
</testsuite> <!-- end2end.End2EndProject.SignIn -->
