<?xml version="1.0" encoding="UTF-8"?>
<!-- Generated by org.testng.reporters.JUnitReportReporter -->
<testsuite hostname="DESKTOP-A4TKI1L" failures="0" tests="2" name="end2end.End2EndProject.FieldValidation" time="31.536" errors="0" timestamp="2020-09-12T02:41:20 IST" skipped="0">
  <testcase classname="end2end.End2EndProject.FieldValidation" name="registerSpelling" time="16.154"/>
  <system-out/>
  <testcase classname="end2end.End2EndProject.FieldValidation" name="displayofNavigationBar" time="15.382"/>
  <system-out/>
</testsuite> <!-- end2end.End2EndProject.FieldValidation -->
